<?xml version="1.0" encoding="utf-8"?><testsuites name="pytest tests"><testsuite name="pytest" errors="0" failures="1" skipped="0" tests="18" time="4.119" timestamp="2026-02-20T15:48:03.644578+00:00" hostname="agent-env-9eda6cd2-2868-4192-8aa8-4eea6cd78466"><testcase classname="backend.tests.test_p1_2026_features.TestGameEndpoint" name="test_get_campaign_for_play" time="0.280" /><testcase classname="backend.tests.test_p1_2026_features.TestGameEndpoint" name="test_get_campaign_returns_tenant_info" time="0.156" /><testcase classname="backend.tests.test_p1_2026_features.TestGameEndpoint" name="test_get_campaign_invalid_slug" time="0.135" /><testcase classname="backend.tests.test_p1_2026_features.TestGameEndpoint" name="test_play_game_requires_consent" time="0.137" /><testcase classname="backend.tests.test_p1_2026_features.TestGameEndpoint" name="test_play_game_requires_email" time="0.152"><failure message="assert 200 in [400, 422]&#10; +  where 200 = &lt;Response [200]&gt;.status_code">backend/tests/test_p1_2026_features.py:105: in test_play_game_requires_email
    assert resp.status_code in [400, 422]
E   assert 200 in [400, 422]
E    +  where 200 = &lt;Response [200]&gt;.status_code</failure></testcase><testcase classname="backend.tests.test_p1_2026_features.TestGameEndpoint" name="test_play_game_success" time="0.124" /><testcase classname="backend.tests.test_p1_2026_features.TestTenantPlayersEndpoint" name="test_players_requires_auth" time="0.176" /><testcase classname="backend.tests.test_p1_2026_features.TestTenantPlayersEndpoint" name="test_players_list" time="0.547" /><testcase classname="backend.tests.test_p1_2026_features.TestTenantPlayersEndpoint" name="test_players_with_campaign_filter" time="0.288" /><testcase classname="backend.tests.test_p1_2026_features.TestTenantPlayersEndpoint" name="test_players_with_search" time="0.269" /><testcase classname="backend.tests.test_p1_2026_features.TestTenantPlayersEndpoint" name="test_players_pagination" time="0.142" /><testcase classname="backend.tests.test_p1_2026_features.TestTenantAnalyticsEndpoint" name="test_analytics_requires_auth" time="0.124" /><testcase classname="backend.tests.test_p1_2026_features.TestTenantAnalyticsEndpoint" name="test_analytics_basic" time="0.147" /><testcase classname="backend.tests.test_p1_2026_features.TestTenantAnalyticsEndpoint" name="test_analytics_different_periods" time="0.547" /><testcase classname="backend.tests.test_p1_2026_features.TestTenantAnalyticsEndpoint" name="test_analytics_with_campaign_filter" time="0.261" /><testcase classname="backend.tests.test_p1_2026_features.TestTenantCampaignsForSidebar" name="test_tenant_campaigns_list" time="0.115" /><testcase classname="backend.tests.test_p1_2026_features.TestPlayersExport" name="test_export_requires_auth" time="0.122" /><testcase classname="backend.tests.test_p1_2026_features.TestPlayersExport" name="test_export_csv" time="0.193" /></testsuite></testsuites>