<?xml version="1.0" encoding="utf-8"?><testsuites name="pytest tests"><testsuite name="pytest" errors="0" failures="5" skipped="10" tests="27" time="4.428" timestamp="2026-02-20T15:20:09.488101+00:00" hostname="agent-env-9eda6cd2-2868-4192-8aa8-4eea6cd78466"><testcase classname="backend.tests.test_phase1_features.TestSignupFlow" name="test_signup_step1_validation_first_name_required" time="0.694"><failure message="AssertionError: Expected 400/422, got 200&#10;assert 200 in [400, 422]&#10; +  where 200 = &lt;Response [200]&gt;.status_code">backend/tests/test_phase1_features.py:88: in test_signup_step1_validation_first_name_required
    assert response.status_code in [400, 422], f"Expected 400/422, got {response.status_code}"
E   AssertionError: Expected 400/422, got 200
E   assert 200 in [400, 422]
E    +  where 200 = &lt;Response [200]&gt;.status_code</failure></testcase><testcase classname="backend.tests.test_phase1_features.TestSignupFlow" name="test_signup_step1_validation_company_required" time="0.362"><failure message="AssertionError: Expected 400/422, got 200&#10;assert 200 in [400, 422]&#10; +  where 200 = &lt;Response [200]&gt;.status_code">backend/tests/test_phase1_features.py:102: in test_signup_step1_validation_company_required
    assert response.status_code in [400, 422], f"Expected 400/422, got {response.status_code}"
E   AssertionError: Expected 400/422, got 200
E   assert 200 in [400, 422]
E    +  where 200 = &lt;Response [200]&gt;.status_code</failure></testcase><testcase classname="backend.tests.test_phase1_features.TestSignupFlow" name="test_signup_step2_gdpr_consent_required" time="0.151" /><testcase classname="backend.tests.test_phase1_features.TestSignupFlow" name="test_signup_successful_returns_plan_selection_flag" time="0.395" /><testcase classname="backend.tests.test_phase1_features.TestSignupFlow" name="test_signup_creates_profile_with_business_info" time="0.548" /><testcase classname="backend.tests.test_phase1_features.TestSignupFlow" name="test_signup_duplicate_email_fails" time="0.138" /><testcase classname="backend.tests.test_phase1_features.TestTenantProfile" name="test_get_profile_returns_all_sections" time="0.472"><failure message="AssertionError: assert 'primary_color' in {}">backend/tests/test_phase1_features.py:218: in test_get_profile_returns_all_sections
    assert "primary_color" in branding
E   AssertionError: assert 'primary_color' in {}</failure></testcase><testcase classname="backend.tests.test_phase1_features.TestTenantProfile" name="test_update_profile_business_info" time="0.140" /><testcase classname="backend.tests.test_phase1_features.TestTenantProfile" name="test_update_profile_social_links" time="0.126" /><testcase classname="backend.tests.test_phase1_features.TestTenantProfile" name="test_update_branding_colors" time="0.074" /><testcase classname="backend.tests.test_phase1_features.TestTenantProfile" name="test_update_google_review_url" time="0.070" /><testcase classname="backend.tests.test_phase1_features.TestAdminCampaignBuilder" name="test_list_tenant_campaigns" time="0.523" /><testcase classname="backend.tests.test_phase1_features.TestAdminCampaignBuilder" name="test_create_campaign_with_prizes" time="0.074"><failure message="AssertionError: Expected 200, got 400: {&quot;detail&quot;:&quot;Campaign limit reached (1). Upgrade plan to create more.&quot;}&#10;assert 400 == 200&#10; +  where 400 = &lt;Response [400]&gt;.status_code">backend/tests/test_phase1_features.py:370: in test_create_campaign_with_prizes
    assert response.status_code == 200, f"Expected 200, got {response.status_code}: {response.text}"
E   AssertionError: Expected 200, got 400: {"detail":"Campaign limit reached (1). Upgrade plan to create more."}
E   assert 400 == 200
E    +  where 400 = &lt;Response [400]&gt;.status_code</failure></testcase><testcase classname="backend.tests.test_phase1_features.TestAdminCampaignBuilder" name="test_get_campaign_details" time="0.000"><skipped type="pytest.skip" message="No campaign created in previous test">/app/backend/tests/test_phase1_features.py:386: No campaign created in previous test</skipped></testcase><testcase classname="backend.tests.test_phase1_features.TestAdminCampaignBuilder" name="test_change_campaign_status_draft_to_test" time="0.000"><skipped type="pytest.skip" message="No campaign created in previous test">/app/backend/tests/test_phase1_features.py:403: No campaign created in previous test</skipped></testcase><testcase classname="backend.tests.test_phase1_features.TestAdminCampaignBuilder" name="test_change_campaign_status_test_to_active" time="0.000"><skipped type="pytest.skip" message="No campaign created in previous test">/app/backend/tests/test_phase1_features.py:419: No campaign created in previous test</skipped></testcase><testcase classname="backend.tests.test_phase1_features.TestAdminCampaignBuilder" name="test_change_campaign_status_active_to_paused" time="0.000"><skipped type="pytest.skip" message="No campaign created in previous test">/app/backend/tests/test_phase1_features.py:434: No campaign created in previous test</skipped></testcase><testcase classname="backend.tests.test_phase1_features.TestAdminCampaignBuilder" name="test_update_campaign" time="0.000"><skipped type="pytest.skip" message="No campaign created in previous test">/app/backend/tests/test_phase1_features.py:449: No campaign created in previous test</skipped></testcase><testcase classname="backend.tests.test_phase1_features.TestAdminCampaignBuilder" name="test_duplicate_campaign" time="0.000"><skipped type="pytest.skip" message="No campaign created in previous test">/app/backend/tests/test_phase1_features.py:467: No campaign created in previous test</skipped></testcase><testcase classname="backend.tests.test_phase1_features.TestAdminCampaignBuilder" name="test_generate_test_link" time="0.000"><skipped type="pytest.skip" message="No campaign created in previous test">/app/backend/tests/test_phase1_features.py:486: No campaign created in previous test</skipped></testcase><testcase classname="backend.tests.test_phase1_features.TestAdminCampaignBuilder" name="test_delete_campaign" time="0.000"><skipped type="pytest.skip" message="No duplicated campaign to delete">/app/backend/tests/test_phase1_features.py:503: No duplicated campaign to delete</skipped></testcase><testcase classname="backend.tests.test_phase1_features.TestAdminCampaignBuilder" name="test_cannot_activate_campaign_without_terms" time="0.074"><failure message="assert 400 == 200&#10; +  where 400 = &lt;Response [400]&gt;.status_code">backend/tests/test_phase1_features.py:532: in test_cannot_activate_campaign_without_terms
    assert create_response.status_code == 200
E   assert 400 == 200
E    +  where 400 = &lt;Response [400]&gt;.status_code</failure></testcase><testcase classname="backend.tests.test_phase1_features.TestQRCodeGeneration" name="test_qr_code_generation_endpoint" time="0.063"><skipped type="pytest.skip" message="No campaigns available to test QR code generation">/app/backend/tests/test_phase1_features.py:579: No campaigns available to test QR code generation</skipped></testcase><testcase classname="backend.tests.test_phase1_features.TestQRCodeGeneration" name="test_qr_code_contains_correct_url" time="0.000"><skipped type="pytest.skip" message="No campaign available">/app/backend/tests/test_phase1_features.py:585: No campaign available</skipped></testcase><testcase classname="backend.tests.test_phase1_features.TestAuthenticationGuards" name="test_tenant_profile_requires_auth" time="0.114" /><testcase classname="backend.tests.test_phase1_features.TestAuthenticationGuards" name="test_admin_campaigns_requires_super_admin" time="0.083" /><testcase classname="backend.tests.test_phase1_features.TestCleanup" name="test_cleanup_test_campaigns" time="0.070" /></testsuite></testsuites>