<?xml version="1.0" encoding="utf-8"?><testsuites name="pytest tests"><testsuite name="pytest" errors="0" failures="0" skipped="0" tests="41" time="6.904" timestamp="2026-02-17T22:33:37.039566+00:00" hostname="agent-env-4fef7e34-4d97-4be4-828f-e949f1acd887"><testcase classname="backend.tests.test_admin_panel.TestSuperAdminAuth" name="test_super_admin_login_success" time="0.700" /><testcase classname="backend.tests.test_admin_panel.TestSuperAdminAuth" name="test_super_admin_login_invalid_password" time="0.343" /><testcase classname="backend.tests.test_admin_panel.TestAdminDashboard" name="test_get_dashboard_stats" time="0.526" /><testcase classname="backend.tests.test_admin_panel.TestPlansManagement" name="test_list_plans" time="0.075" /><testcase classname="backend.tests.test_admin_panel.TestPlansManagement" name="test_create_plan" time="0.151" /><testcase classname="backend.tests.test_admin_panel.TestPlansManagement" name="test_create_duplicate_plan_fails" time="0.165" /><testcase classname="backend.tests.test_admin_panel.TestPlansManagement" name="test_update_plan" time="0.235" /><testcase classname="backend.tests.test_admin_panel.TestPlansManagement" name="test_delete_plan" time="0.153" /><testcase classname="backend.tests.test_admin_panel.TestPlansManagement" name="test_cannot_delete_free_plan" time="0.106" /><testcase classname="backend.tests.test_admin_panel.TestStripeSettings" name="test_get_billing_settings" time="0.091" /><testcase classname="backend.tests.test_admin_panel.TestStripeSettings" name="test_update_billing_settings" time="0.083" /><testcase classname="backend.tests.test_admin_panel.TestStripeSettings" name="test_update_billing_invalid_mode" time="0.072" /><testcase classname="backend.tests.test_admin_panel.TestTenantsManagement" name="test_list_tenants" time="0.113" /><testcase classname="backend.tests.test_admin_panel.TestTenantsManagement" name="test_list_tenants_with_filters" time="0.091" /><testcase classname="backend.tests.test_admin_panel.TestTenantsManagement" name="test_get_tenant_detail" time="0.185" /><testcase classname="backend.tests.test_admin_panel.TestTenantsManagement" name="test_get_nonexistent_tenant" time="0.089" /><testcase classname="backend.tests.test_admin_panel.TestAdminMessaging" name="test_list_messages" time="0.108" /><testcase classname="backend.tests.test_admin_panel.TestAdminMessaging" name="test_create_broadcast_message" time="0.141" /><testcase classname="backend.tests.test_admin_panel.TestAdminMessaging" name="test_create_info_message" time="0.178" /><testcase classname="backend.tests.test_admin_panel.TestAdminMessaging" name="test_delete_message" time="0.165" /><testcase classname="backend.tests.test_admin_panel.TestAdminMessaging" name="test_delete_nonexistent_message" time="0.066" /><testcase classname="backend.tests.test_admin_panel.TestAuditLogs" name="test_get_audit_logs" time="0.068" /><testcase classname="backend.tests.test_admin_panel.TestAuditLogs" name="test_audit_logs_with_category_filter" time="0.084" /><testcase classname="backend.tests.test_admin_panel.TestAuditLogs" name="test_audit_logs_with_action_filter" time="0.078" /><testcase classname="backend.tests.test_admin_panel.TestFraudCenter" name="test_list_bans" time="0.090" /><testcase classname="backend.tests.test_admin_panel.TestFraudCenter" name="test_create_ip_ban" time="0.191" /><testcase classname="backend.tests.test_admin_panel.TestFraudCenter" name="test_create_device_ban" time="0.192" /><testcase classname="backend.tests.test_admin_panel.TestFraudCenter" name="test_create_identity_ban" time="0.197" /><testcase classname="backend.tests.test_admin_panel.TestFraudCenter" name="test_duplicate_ban_fails" time="0.191" /><testcase classname="backend.tests.test_admin_panel.TestFraudCenter" name="test_remove_ban" time="0.151" /><testcase classname="backend.tests.test_admin_panel.TestFraudCenter" name="test_get_fraud_flags" time="0.061" /><testcase classname="backend.tests.test_admin_panel.TestExports" name="test_export_players_csv" time="0.166" /><testcase classname="backend.tests.test_admin_panel.TestExports" name="test_export_plays_csv" time="0.144" /><testcase classname="backend.tests.test_admin_panel.TestExports" name="test_export_codes_csv" time="0.192" /><testcase classname="backend.tests.test_admin_panel.TestExports" name="test_export_nonexistent_tenant_fails" time="0.060" /><testcase classname="backend.tests.test_admin_panel.TestTenantActions" name="test_add_tenant_note" time="0.217" /><testcase classname="backend.tests.test_admin_panel.TestTenantActions" name="test_delete_tenant_note" time="0.211" /><testcase classname="backend.tests.test_admin_panel.TestUnauthorizedAccess" name="test_plans_requires_auth" time="0.168" /><testcase classname="backend.tests.test_admin_panel.TestUnauthorizedAccess" name="test_billing_settings_requires_auth" time="0.133" /><testcase classname="backend.tests.test_admin_panel.TestUnauthorizedAccess" name="test_messages_requires_auth" time="0.193" /><testcase classname="backend.tests.test_admin_panel.TestUnauthorizedAccess" name="test_fraud_bans_requires_auth" time="0.135" /></testsuite></testsuites>